TN:
SF:C:\Study\Code\Web\bankSystemWeb\app.js
FN:47,(anonymous_0)
FN:52,(anonymous_1)
FNF:2
FNH:0
FNDA:0,(anonymous_0)
FNDA:0,(anonymous_1)
DA:2,1
DA:3,1
DA:4,1
DA:5,1
DA:6,1
DA:8,1
DA:9,1
DA:11,1
DA:13,1
DA:16,1
DA:17,1
DA:19,1
DA:20,1
DA:21,1
DA:22,1
DA:23,1
DA:25,1
DA:26,1
DA:28,1
DA:29,1
DA:30,1
DA:31,1
DA:32,1
DA:33,1
DA:35,1
DA:36,1
DA:38,1
DA:39,1
DA:40,1
DA:41,1
DA:43,1
DA:44,1
DA:47,1
DA:48,0
DA:52,1
DA:54,0
DA:55,0
DA:58,0
DA:59,0
DA:62,1
DA:63,1
DA:66,1
LF:42
LH:37
BRDA:55,0,0,0
BRDA:55,0,1,0
BRDA:58,1,0,0
BRDA:58,1,1,0
BRDA:62,2,0,1
BRDA:62,2,1,0
BRF:6
BRH:1
end_of_record
TN:
SF:C:\Study\Code\Web\bankSystemWeb\models\cardInfo.js
FNF:0
FNH:0
DA:1,1
DA:3,1
DA:11,1
LF:3
LH:3
BRF:0
BRH:0
end_of_record
TN:
SF:C:\Study\Code\Web\bankSystemWeb\models\exchangeRate.js
FNF:0
FNH:0
DA:1,1
DA:3,1
DA:11,1
LF:3
LH:3
BRF:0
BRH:0
end_of_record
TN:
SF:C:\Study\Code\Web\bankSystemWeb\models\userInfo.js
FNF:0
FNH:0
DA:1,1
DA:3,1
DA:11,1
LF:3
LH:3
BRF:0
BRH:0
end_of_record
TN:
SF:C:\Study\Code\Web\bankSystemWeb\routes\index.js
FN:6,(anonymous_0)
FNF:1
FNH:0
FNDA:0,(anonymous_0)
DA:2,1
DA:3,1
DA:6,1
DA:7,0
DA:10,1
LF:5
LH:4
BRF:0
BRH:0
end_of_record
TN:
SF:C:\Study\Code\Web\bankSystemWeb\routes\userAccounts.js
FN:15,(anonymous_0)
FN:19,(anonymous_1)
FN:23,(anonymous_2)
FN:25,(anonymous_3)
FN:33,(anonymous_4)
FN:35,(anonymous_5)
FN:43,(anonymous_6)
FN:52,(anonymous_7)
FN:60,(anonymous_8)
FN:61,(anonymous_9)
FN:69,(anonymous_10)
FN:71,(anonymous_11)
FN:79,(anonymous_12)
FN:81,(anonymous_13)
FN:89,(anonymous_14)
FN:91,(anonymous_15)
FN:95,(anonymous_16)
FN:105,(anonymous_17)
FN:112,(anonymous_18)
FN:120,(anonymous_19)
FN:121,(anonymous_20)
FN:129,(anonymous_21)
FN:130,(anonymous_22)
FN:138,(anonymous_23)
FN:149,(anonymous_24)
FN:150,(anonymous_25)
FN:161,(anonymous_26)
FN:173,(anonymous_27)
FN:174,(anonymous_28)
FN:182,(anonymous_29)
FN:183,(anonymous_30)
FN:193,(anonymous_31)
FN:199,(anonymous_32)
FN:215,(anonymous_33)
FN:216,(anonymous_34)
FN:226,(anonymous_35)
FN:232,(anonymous_36)
FNF:37
FNH:36
FNDA:0,(anonymous_0)
FNDA:1,(anonymous_1)
FNDA:2,(anonymous_2)
FNDA:2,(anonymous_3)
FNDA:3,(anonymous_4)
FNDA:3,(anonymous_5)
FNDA:1,(anonymous_6)
FNDA:1,(anonymous_7)
FNDA:2,(anonymous_8)
FNDA:2,(anonymous_9)
FNDA:2,(anonymous_10)
FNDA:2,(anonymous_11)
FNDA:7,(anonymous_12)
FNDA:7,(anonymous_13)
FNDA:1,(anonymous_14)
FNDA:1,(anonymous_15)
FNDA:1,(anonymous_16)
FNDA:1,(anonymous_17)
FNDA:1,(anonymous_18)
FNDA:2,(anonymous_19)
FNDA:2,(anonymous_20)
FNDA:3,(anonymous_21)
FNDA:3,(anonymous_22)
FNDA:1,(anonymous_23)
FNDA:4,(anonymous_24)
FNDA:4,(anonymous_25)
FNDA:1,(anonymous_26)
FNDA:1,(anonymous_27)
FNDA:1,(anonymous_28)
FNDA:4,(anonymous_29)
FNDA:4,(anonymous_30)
FNDA:1,(anonymous_31)
FNDA:1,(anonymous_32)
FNDA:4,(anonymous_33)
FNDA:4,(anonymous_34)
FNDA:1,(anonymous_35)
FNDA:1,(anonymous_36)
DA:2,1
DA:3,1
DA:4,1
DA:5,1
DA:6,1
DA:7,1
DA:9,1
DA:11,1
DA:13,1
DA:15,1
DA:16,0
DA:19,1
DA:20,1
DA:23,1
DA:24,2
DA:25,2
DA:26,2
DA:27,0
DA:29,2
DA:33,1
DA:34,3
DA:35,3
DA:36,3
DA:37,1
DA:39,2
DA:43,1
DA:44,1
DA:46,1
DA:47,1
DA:48,1
DA:49,1
DA:50,1
DA:52,1
DA:53,1
DA:54,0
DA:56,1
DA:60,1
DA:61,2
DA:62,2
DA:63,1
DA:65,1
DA:69,1
DA:70,2
DA:71,2
DA:72,2
DA:73,0
DA:75,2
DA:79,1
DA:80,7
DA:81,7
DA:82,7
DA:83,1
DA:85,6
DA:89,1
DA:90,1
DA:91,1
DA:92,1
DA:93,0
DA:95,1
DA:96,1
DA:97,0
DA:99,1
DA:105,1
DA:106,1
DA:108,1
DA:109,1
DA:110,1
DA:112,1
DA:113,1
DA:114,0
DA:116,1
DA:120,1
DA:121,2
DA:122,2
DA:123,1
DA:125,1
DA:129,1
DA:130,3
DA:131,3
DA:132,1
DA:134,2
DA:135,1
DA:137,1
DA:138,1
DA:139,1
DA:140,0
DA:142,1
DA:149,1
DA:150,4
DA:151,4
DA:152,1
DA:154,3
DA:155,1
DA:157,2
DA:158,1
DA:160,1
DA:161,1
DA:162,1
DA:163,0
DA:165,1
DA:173,1
DA:174,1
DA:175,1
DA:176,0
DA:178,1
DA:182,1
DA:183,4
DA:184,4
DA:185,1
DA:187,3
DA:188,1
DA:190,2
DA:191,1
DA:193,1
DA:194,1
DA:195,0
DA:197,1
DA:198,1
DA:199,1
DA:200,1
DA:201,0
DA:203,1
DA:215,1
DA:216,4
DA:217,4
DA:218,1
DA:220,3
DA:221,1
DA:223,2
DA:224,1
DA:226,1
DA:227,1
DA:228,0
DA:230,1
DA:231,1
DA:232,1
DA:233,1
DA:234,0
DA:236,1
DA:248,1
LF:140
LH:126
BRDA:26,0,0,0
BRDA:26,0,1,2
BRDA:36,1,0,1
BRDA:36,1,1,2
BRDA:53,2,0,0
BRDA:53,2,1,1
BRDA:62,3,0,1
BRDA:62,3,1,1
BRDA:72,4,0,0
BRDA:72,4,1,2
BRDA:82,5,0,1
BRDA:82,5,1,6
BRDA:92,6,0,0
BRDA:92,6,1,1
BRDA:96,7,0,0
BRDA:96,7,1,1
BRDA:113,8,0,0
BRDA:113,8,1,1
BRDA:122,9,0,1
BRDA:122,9,1,1
BRDA:131,10,0,1
BRDA:131,10,1,2
BRDA:134,11,0,1
BRDA:134,11,1,1
BRDA:139,12,0,0
BRDA:139,12,1,1
BRDA:151,13,0,1
BRDA:151,13,1,3
BRDA:154,14,0,1
BRDA:154,14,1,2
BRDA:157,15,0,1
BRDA:157,15,1,1
BRDA:162,16,0,0
BRDA:162,16,1,1
BRDA:175,17,0,0
BRDA:175,17,1,1
BRDA:184,18,0,1
BRDA:184,18,1,3
BRDA:187,19,0,1
BRDA:187,19,1,2
BRDA:190,20,0,1
BRDA:190,20,1,1
BRDA:194,21,0,0
BRDA:194,21,1,1
BRDA:200,22,0,0
BRDA:200,22,1,1
BRDA:217,23,0,1
BRDA:217,23,1,3
BRDA:220,24,0,1
BRDA:220,24,1,2
BRDA:223,25,0,1
BRDA:223,25,1,1
BRDA:227,26,0,0
BRDA:227,26,1,1
BRDA:233,27,0,0
BRDA:233,27,1,1
BRF:56
BRH:43
end_of_record
TN:
SF:C:\Study\Code\Web\bankSystemWeb\routes\users.js
FN:6,(anonymous_0)
FNF:1
FNH:0
FNDA:0,(anonymous_0)
DA:2,1
DA:3,1
DA:6,1
DA:7,0
DA:10,1
LF:5
LH:4
BRF:0
BRH:0
end_of_record
